<?xml version="1.0" encoding="utf-8"?><testsuites name="pytest tests"><testsuite name="pytest" errors="0" failures="0" skipped="0" tests="24" time="2.412" timestamp="2026-07-12T18:03:33.859844+00:00" hostname="agent-env-49aa2eea-3486-4852-b24e-7e7854cdd1fb"><testcase classname="backend.tests.backend_test.TestJWTAuth" name="test_admin_login_returns_token_and_user_id" time="0.454" /><testcase classname="backend.tests.backend_test.TestJWTAuth" name="test_login_invalid_password" time="0.282" /><testcase classname="backend.tests.backend_test.TestJWTAuth" name="test_register_sets_user_id_and_auth_provider" time="0.274" /><testcase classname="backend.tests.backend_test.TestJWTAuth" name="test_users_me_with_jwt" time="0.320" /><testcase classname="backend.tests.backend_test.TestJWTAuth" name="test_auth_me_with_jwt" time="0.052" /><testcase classname="backend.tests.backend_test.TestJWTAuth" name="test_auth_me_no_token" time="0.056" /><testcase classname="backend.tests.backend_test.TestJWTAuth" name="test_auth_me_bad_token" time="0.049" /><testcase classname="backend.tests.backend_test.TestGoogleAuth" name="test_google_session_missing_id" time="0.053" /><testcase classname="backend.tests.backend_test.TestGoogleAuth" name="test_google_session_invalid_id" time="0.149" /><testcase classname="backend.tests.backend_test.TestGoogleAuth" name="test_logout_without_token" time="0.048" /><testcase classname="backend.tests.backend_test.TestGoogleAuth" name="test_logout_with_fake_token" time="0.045" /><testcase classname="backend.tests.backend_test.TestExistingEndpointsWithJWT" name="test_recipients_list" time="0.050" /><testcase classname="backend.tests.backend_test.TestExistingEndpointsWithJWT" name="test_messages_list" time="0.052" /><testcase classname="backend.tests.backend_test.TestExistingEndpointsWithJWT" name="test_subscription_plans_public" time="0.059" /><testcase classname="backend.tests.backend_test.TestExistingEndpointsWithJWT" name="test_checkin" time="0.051" /><testcase classname="backend.tests.backend_test.TestExistingEndpointsWithJWT" name="test_checkin_history" time="0.062" /><testcase classname="backend.tests.backend_test.TestExistingEndpointsWithJWT" name="test_admin_stats" time="0.050" /><testcase classname="backend.tests.backend_test.TestExistingEndpointsWithJWT" name="test_admin_users_list" time="0.046" /><testcase classname="backend.tests.backend_test.TestExistingEndpointsWithJWT" name="test_new_user_token_works" time="0.050" /><testcase classname="backend.tests.backend_test.TestExistingEndpointsWithJWT" name="test_new_user_auth_me_works" time="0.062" /><testcase classname="backend.tests.backend_test.TestMongoIndexes" name="test_users_email_unique" time="0.007" /><testcase classname="backend.tests.backend_test.TestMongoIndexes" name="test_users_user_id_unique" time="0.001" /><testcase classname="backend.tests.backend_test.TestMongoIndexes" name="test_user_sessions_token_unique" time="0.000" /><testcase classname="backend.tests.backend_test.TestMongoIndexes" name="test_user_sessions_expires_ttl" time="0.004" /></testsuite></testsuites>